app/build/intermediates/manifest_merge_blame_file/debug/manifest-merger-blame-debug-report.txt
1<?xml version="1.0" encoding="utf-8"?>
2<manifest xmlns:android="http://schemas.android.com/apk/res/android"
3    package="com.HyperSync.hypersync"
4    android:versionCode="1"
5    android:versionName="1.0" >
6
7    <uses-sdk
8        android:minSdkVersion="21"
8-->src\main\AndroidManifest.xml
9        android:targetSdkVersion="31" />
9-->src\main\AndroidManifest.xml
10
11    <uses-permission android:name="android.permission.INTERNET" />
11-->[com.google.firebase:firebase-auth:21.0.1] AndroidManifest.xml:23:5-67
11-->[com.google.firebase:firebase-auth:21.0.1] AndroidManifest.xml:23:22-64
12    <uses-permission android:name="android.permission.ACCESS_NETWORK_STATE" />
12-->[com.google.firebase:firebase-auth:21.0.1] AndroidManifest.xml:24:5-79
12-->[com.google.firebase:firebase-auth:21.0.1] AndroidManifest.xml:24:22-76
13    <uses-permission android:name="android.permission.WAKE_LOCK" />
13-->[com.google.android.gms:play-services-measurement-api:20.0.1] AndroidManifest.xml:24:5-68
13-->[com.google.android.gms:play-services-measurement-api:20.0.1] AndroidManifest.xml:24:22-65
14    <uses-permission android:name="com.google.android.finsky.permission.BIND_GET_INSTALL_REFERRER_SERVICE" /> <!-- Include required permissions for Advertising Id -->
14-->[com.google.android.gms:play-services-measurement:20.0.1] AndroidManifest.xml:26:5-110
14-->[com.google.android.gms:play-services-measurement:20.0.1] AndroidManifest.xml:26:22-107
15    <uses-permission android:name="com.google.android.gms.permission.AD_ID" />
15-->[com.google.android.gms:play-services-ads-identifier:18.0.0] AndroidManifest.xml:23:5-79
15-->[com.google.android.gms:play-services-ads-identifier:18.0.0] AndroidManifest.xml:23:22-76
16
17    <application
17-->src\main\AndroidManifest.xml:5:5-67:19
18        android:allowBackup="true"
18-->src\main\AndroidManifest.xml:6:9-35
19        android:appComponentFactory="androidx.core.app.CoreComponentFactory"
19-->[androidx.core:core:1.7.0] AndroidManifest.xml:24:18-86
20        android:debuggable="true"
21        android:icon="@mipmap/icon"
21-->src\main\AndroidManifest.xml:7:9-36
22        android:label="@string/app_name"
22-->src\main\AndroidManifest.xml:8:9-41
23        android:roundIcon="@mipmap/icon"
23-->src\main\AndroidManifest.xml:9:9-41
24        android:supportsRtl="true"
24-->src\main\AndroidManifest.xml:10:9-35
25        android:testOnly="true"
26        android:theme="@style/Theme.HyperSync" >
26-->src\main\AndroidManifest.xml:11:9-47
27        <activity
27-->src\main\AndroidManifest.xml:12:9-15:41
28            android:name="com.HyperSync.hypersync.ui.adminTool.AdminTool"
28-->src\main\AndroidManifest.xml:13:13-74
29            android:exported="false"
29-->src\main\AndroidManifest.xml:14:13-37
30            android:label="Admin Tool" />
30-->src\main\AndroidManifest.xml:15:13-39
31        <activity
31-->src\main\AndroidManifest.xml:16:9-18:40
32            android:name="com.HyperSync.hypersync.TermsConditions"
32-->src\main\AndroidManifest.xml:17:13-67
33            android:exported="false" />
33-->src\main\AndroidManifest.xml:18:13-37
34        <activity
34-->src\main\AndroidManifest.xml:19:9-22:64
35            android:name="com.HyperSync.hypersync.HomePage"
35-->src\main\AndroidManifest.xml:20:13-60
36            android:exported="false"
36-->src\main\AndroidManifest.xml:21:13-37
37            android:label="@string/title_activity_home_page" />
37-->src\main\AndroidManifest.xml:22:13-61
38        <activity
38-->src\main\AndroidManifest.xml:23:9-26:53
39            android:name="com.HyperSync.hypersync.Recorded"
39-->src\main\AndroidManifest.xml:24:13-60
40            android:exported="false"
40-->src\main\AndroidManifest.xml:25:13-37
41            android:label="Information Collected" />
41-->src\main\AndroidManifest.xml:26:13-50
42        <activity
42-->src\main\AndroidManifest.xml:27:9-30:48
43            android:name="com.HyperSync.hypersync.SignUpAdminActivity"
43-->src\main\AndroidManifest.xml:28:13-71
44            android:exported="false"
44-->src\main\AndroidManifest.xml:29:13-37
45            android:label="Register Company" />
45-->src\main\AndroidManifest.xml:30:13-45
46        <activity
46-->src\main\AndroidManifest.xml:31:9-34:38
47            android:name="com.HyperSync.hypersync.DetailActivity"
47-->src\main\AndroidManifest.xml:32:13-66
48            android:exported="false"
48-->src\main\AndroidManifest.xml:33:13-37
49            android:label="Detail" />
49-->src\main\AndroidManifest.xml:34:13-35
50        <activity
50-->src\main\AndroidManifest.xml:35:9-37:38
51            android:name="com.HyperSync.hypersync.ui.Chat.MainActivity"
51-->src\main\AndroidManifest.xml:36:13-72
52            android:exported="true" />
52-->src\main\AndroidManifest.xml:37:13-36
53        <activity
53-->src\main\AndroidManifest.xml:39:9-42:44
54            android:name="com.HyperSync.hypersync.OTPActivity"
54-->src\main\AndroidManifest.xml:40:13-63
55            android:exported="false"
55-->src\main\AndroidManifest.xml:41:13-37
56            android:label="Verification" />
56-->src\main\AndroidManifest.xml:42:13-41
57        <activity
57-->src\main\AndroidManifest.xml:43:9-46:39
58            android:name="com.HyperSync.hypersync.SignUpActivity"
58-->src\main\AndroidManifest.xml:44:13-66
59            android:exported="false"
59-->src\main\AndroidManifest.xml:45:13-37
60            android:label="Sign Up" />
60-->src\main\AndroidManifest.xml:46:13-36
61        <activity
61-->src\main\AndroidManifest.xml:47:9-50:39
62            android:name="com.HyperSync.hypersync.SignInActivity"
62-->src\main\AndroidManifest.xml:48:13-66
63            android:exported="false"
63-->src\main\AndroidManifest.xml:49:13-37
64            android:label="Sign In" />
64-->src\main\AndroidManifest.xml:50:13-36
65        <activity
65-->src\main\AndroidManifest.xml:51:9-53:40
66            android:name="com.HyperSync.hypersync.GettingStarted"
66-->src\main\AndroidManifest.xml:52:13-66
67            android:exported="false" />
67-->src\main\AndroidManifest.xml:53:13-37
68        <activity
68-->src\main\AndroidManifest.xml:54:9-62:20
69            android:name="com.HyperSync.hypersync.SplashScreen"
69-->src\main\AndroidManifest.xml:55:13-64
70            android:exported="true" >
70-->src\main\AndroidManifest.xml:56:13-36
71            <intent-filter>
71-->src\main\AndroidManifest.xml:57:13-61:29
72                <action android:name="android.intent.action.MAIN" />
72-->src\main\AndroidManifest.xml:58:17-69
72-->src\main\AndroidManifest.xml:58:25-66
73
74                <category android:name="android.intent.category.LAUNCHER" />
74-->src\main\AndroidManifest.xml:60:17-77
74-->src\main\AndroidManifest.xml:60:27-74
75            </intent-filter>
76        </activity>
77
78        <meta-data
78-->src\main\AndroidManifest.xml:64:9-66:57
79            android:name="preloaded_fonts"
79-->src\main\AndroidManifest.xml:65:13-43
80            android:resource="@array/preloaded_fonts" />
80-->src\main\AndroidManifest.xml:66:13-54
81
82        <activity
82-->[com.google.firebase:firebase-auth:21.0.1] AndroidManifest.xml:27:9-44:20
83            android:name="com.google.firebase.auth.internal.GenericIdpActivity"
83-->[com.google.firebase:firebase-auth:21.0.1] AndroidManifest.xml:28:13-80
84            android:excludeFromRecents="true"
84-->[com.google.firebase:firebase-auth:21.0.1] AndroidManifest.xml:29:13-46
85            android:exported="true"
85-->[com.google.firebase:firebase-auth:21.0.1] AndroidManifest.xml:30:13-36
86            android:launchMode="singleTask"
86-->[com.google.firebase:firebase-auth:21.0.1] AndroidManifest.xml:31:13-44
87            android:theme="@android:style/Theme.Translucent.NoTitleBar" >
87-->[com.google.firebase:firebase-auth:21.0.1] AndroidManifest.xml:32:13-72
88            <intent-filter>
88-->[com.google.firebase:firebase-auth:21.0.1] AndroidManifest.xml:33:13-43:29
89                <action android:name="android.intent.action.VIEW" />
89-->[com.google.firebase:firebase-auth:21.0.1] AndroidManifest.xml:34:17-69
89-->[com.google.firebase:firebase-auth:21.0.1] AndroidManifest.xml:34:25-66
90
91                <category android:name="android.intent.category.DEFAULT" />
91-->[com.google.firebase:firebase-auth:21.0.1] AndroidManifest.xml:36:17-76
91-->[com.google.firebase:firebase-auth:21.0.1] AndroidManifest.xml:36:27-73
92                <category android:name="android.intent.category.BROWSABLE" />
92-->[com.google.firebase:firebase-auth:21.0.1] AndroidManifest.xml:37:17-78
92-->[com.google.firebase:firebase-auth:21.0.1] AndroidManifest.xml:37:27-75
93
94                <data
94-->[com.google.firebase:firebase-auth:21.0.1] AndroidManifest.xml:39:17-42:51
95                    android:host="firebase.auth"
95-->[com.google.firebase:firebase-auth:21.0.1] AndroidManifest.xml:40:21-49
96                    android:path="/"
96-->[com.google.firebase:firebase-auth:21.0.1] AndroidManifest.xml:41:21-37
97                    android:scheme="genericidp" />
97-->[com.google.firebase:firebase-auth:21.0.1] AndroidManifest.xml:42:21-48
98            </intent-filter>
99        </activity>
100        <activity
100-->[com.google.firebase:firebase-auth:21.0.1] AndroidManifest.xml:45:9-62:20
101            android:name="com.google.firebase.auth.internal.RecaptchaActivity"
101-->[com.google.firebase:firebase-auth:21.0.1] AndroidManifest.xml:46:13-79
102            android:excludeFromRecents="true"
102-->[com.google.firebase:firebase-auth:21.0.1] AndroidManifest.xml:47:13-46
103            android:exported="true"
103-->[com.google.firebase:firebase-auth:21.0.1] AndroidManifest.xml:48:13-36
104            android:launchMode="singleTask"
104-->[com.google.firebase:firebase-auth:21.0.1] AndroidManifest.xml:49:13-44
105            android:theme="@android:style/Theme.Translucent.NoTitleBar" >
105-->[com.google.firebase:firebase-auth:21.0.1] AndroidManifest.xml:50:13-72
106            <intent-filter>
106-->[com.google.firebase:firebase-auth:21.0.1] AndroidManifest.xml:51:13-61:29
107                <action android:name="android.intent.action.VIEW" />
107-->[com.google.firebase:firebase-auth:21.0.1] AndroidManifest.xml:34:17-69
107-->[com.google.firebase:firebase-auth:21.0.1] AndroidManifest.xml:34:25-66
108
109                <category android:name="android.intent.category.DEFAULT" />
109-->[com.google.firebase:firebase-auth:21.0.1] AndroidManifest.xml:36:17-76
109-->[com.google.firebase:firebase-auth:21.0.1] AndroidManifest.xml:36:27-73
110                <category android:name="android.intent.category.BROWSABLE" />
110-->[com.google.firebase:firebase-auth:21.0.1] AndroidManifest.xml:37:17-78
110-->[com.google.firebase:firebase-auth:21.0.1] AndroidManifest.xml:37:27-75
111
112                <data
112-->[com.google.firebase:firebase-auth:21.0.1] AndroidManifest.xml:39:17-42:51
113                    android:host="firebase.auth"
113-->[com.google.firebase:firebase-auth:21.0.1] AndroidManifest.xml:40:21-49
114                    android:path="/"
114-->[com.google.firebase:firebase-auth:21.0.1] AndroidManifest.xml:41:21-37
115                    android:scheme="recaptcha" />
115-->[com.google.firebase:firebase-auth:21.0.1] AndroidManifest.xml:42:21-48
116            </intent-filter>
117        </activity>
118
119        <service
119-->[com.google.firebase:firebase-auth:21.0.1] AndroidManifest.xml:64:9-73:19
120            android:name="com.google.firebase.auth.api.fallback.service.FirebaseAuthFallbackService"
120-->[com.google.firebase:firebase-auth:21.0.1] AndroidManifest.xml:65:13-101
121            android:enabled="true"
121-->[com.google.firebase:firebase-auth:21.0.1] AndroidManifest.xml:66:13-35
122            android:exported="false" >
122-->[com.google.firebase:firebase-auth:21.0.1] AndroidManifest.xml:67:13-37
123            <intent-filter>
123-->[com.google.firebase:firebase-auth:21.0.1] AndroidManifest.xml:68:13-72:29
124                <action android:name="com.google.firebase.auth.api.gms.service.START" />
124-->[com.google.firebase:firebase-auth:21.0.1] AndroidManifest.xml:69:17-89
124-->[com.google.firebase:firebase-auth:21.0.1] AndroidManifest.xml:69:25-86
125
126                <category android:name="android.intent.category.DEFAULT" />
126-->[com.google.firebase:firebase-auth:21.0.1] AndroidManifest.xml:36:17-76
126-->[com.google.firebase:firebase-auth:21.0.1] AndroidManifest.xml:36:27-73
127            </intent-filter>
128        </service>
129        <service
129-->[com.google.firebase:firebase-auth:21.0.1] AndroidManifest.xml:74:9-80:19
130            android:name="com.google.firebase.components.ComponentDiscoveryService"
130-->[com.google.firebase:firebase-auth:21.0.1] AndroidManifest.xml:75:13-84
131            android:directBootAware="true"
131-->[com.google.firebase:firebase-common:20.0.0] AndroidManifest.xml:35:13-43
132            android:exported="false" >
132-->[com.google.firebase:firebase-auth:21.0.1] AndroidManifest.xml:76:13-37
133            <meta-data
133-->[com.google.firebase:firebase-auth:21.0.1] AndroidManifest.xml:77:13-79:85
134                android:name="com.google.firebase.components:com.google.firebase.auth.FirebaseAuthRegistrar"
134-->[com.google.firebase:firebase-auth:21.0.1] AndroidManifest.xml:78:17-109
135                android:value="com.google.firebase.components.ComponentRegistrar" />
135-->[com.google.firebase:firebase-auth:21.0.1] AndroidManifest.xml:79:17-82
136            <meta-data
136-->[com.google.firebase:firebase-database:20.0.3] AndroidManifest.xml:32:13-34:85
137                android:name="com.google.firebase.components:com.google.firebase.database.DatabaseRegistrar"
137-->[com.google.firebase:firebase-database:20.0.3] AndroidManifest.xml:33:17-109
138                android:value="com.google.firebase.components.ComponentRegistrar" />
138-->[com.google.firebase:firebase-database:20.0.3] AndroidManifest.xml:34:17-82
139            <meta-data
139-->[com.google.android.gms:play-services-measurement-api:20.0.1] AndroidManifest.xml:30:13-32:85
140                android:name="com.google.firebase.components:com.google.firebase.analytics.connector.internal.AnalyticsConnectorRegistrar"
140-->[com.google.android.gms:play-services-measurement-api:20.0.1] AndroidManifest.xml:31:17-139
141                android:value="com.google.firebase.components.ComponentRegistrar" />
141-->[com.google.android.gms:play-services-measurement-api:20.0.1] AndroidManifest.xml:32:17-82
142            <meta-data
142-->[com.google.firebase:firebase-installations:17.0.0] AndroidManifest.xml:18:13-20:85
143                android:name="com.google.firebase.components:com.google.firebase.installations.FirebaseInstallationsRegistrar"
143-->[com.google.firebase:firebase-installations:17.0.0] AndroidManifest.xml:19:17-127
144                android:value="com.google.firebase.components.ComponentRegistrar" />
144-->[com.google.firebase:firebase-installations:17.0.0] AndroidManifest.xml:20:17-82
145        </service>
146
147        <provider
147-->[com.squareup.picasso:picasso:2.71828] AndroidManifest.xml:8:9-11:40
148            android:name="com.squareup.picasso.PicassoProvider"
148-->[com.squareup.picasso:picasso:2.71828] AndroidManifest.xml:9:13-64
149            android:authorities="com.HyperSync.hypersync.com.squareup.picasso"
149-->[com.squareup.picasso:picasso:2.71828] AndroidManifest.xml:10:13-72
150            android:exported="false" />
150-->[com.squareup.picasso:picasso:2.71828] AndroidManifest.xml:11:13-37
151        <provider
151-->[com.google.firebase:firebase-common:20.0.0] AndroidManifest.xml:26:9-31:39
152            android:name="com.google.firebase.provider.FirebaseInitProvider"
152-->[com.google.firebase:firebase-common:20.0.0] AndroidManifest.xml:27:13-77
153            android:authorities="com.HyperSync.hypersync.firebaseinitprovider"
153-->[com.google.firebase:firebase-common:20.0.0] AndroidManifest.xml:28:13-72
154            android:directBootAware="true"
154-->[com.google.firebase:firebase-common:20.0.0] AndroidManifest.xml:29:13-43
155            android:exported="false"
155-->[com.google.firebase:firebase-common:20.0.0] AndroidManifest.xml:30:13-37
156            android:initOrder="100" />
156-->[com.google.firebase:firebase-common:20.0.0] AndroidManifest.xml:31:13-36
157
158        <activity
158-->[com.google.android.gms:play-services-base:17.1.0] AndroidManifest.xml:23:9-26:75
159            android:name="com.google.android.gms.common.api.GoogleApiActivity"
159-->[com.google.android.gms:play-services-base:17.1.0] AndroidManifest.xml:24:13-79
160            android:exported="false"
160-->[com.google.android.gms:play-services-base:17.1.0] AndroidManifest.xml:25:13-37
161            android:theme="@android:style/Theme.Translucent.NoTitleBar" />
161-->[com.google.android.gms:play-services-base:17.1.0] AndroidManifest.xml:26:13-72
162
163        <receiver
163-->[com.google.android.gms:play-services-measurement:20.0.1] AndroidManifest.xml:29:9-33:20
164            android:name="com.google.android.gms.measurement.AppMeasurementReceiver"
164-->[com.google.android.gms:play-services-measurement:20.0.1] AndroidManifest.xml:30:13-85
165            android:enabled="true"
165-->[com.google.android.gms:play-services-measurement:20.0.1] AndroidManifest.xml:31:13-35
166            android:exported="false" >
166-->[com.google.android.gms:play-services-measurement:20.0.1] AndroidManifest.xml:32:13-37
167        </receiver>
168
169        <service
169-->[com.google.android.gms:play-services-measurement:20.0.1] AndroidManifest.xml:35:9-38:40
170            android:name="com.google.android.gms.measurement.AppMeasurementService"
170-->[com.google.android.gms:play-services-measurement:20.0.1] AndroidManifest.xml:36:13-84
171            android:enabled="true"
171-->[com.google.android.gms:play-services-measurement:20.0.1] AndroidManifest.xml:37:13-35
172            android:exported="false" />
172-->[com.google.android.gms:play-services-measurement:20.0.1] AndroidManifest.xml:38:13-37
173        <service
173-->[com.google.android.gms:play-services-measurement:20.0.1] AndroidManifest.xml:39:9-43:72
174            android:name="com.google.android.gms.measurement.AppMeasurementJobService"
174-->[com.google.android.gms:play-services-measurement:20.0.1] AndroidManifest.xml:40:13-87
175            android:enabled="true"
175-->[com.google.android.gms:play-services-measurement:20.0.1] AndroidManifest.xml:41:13-35
176            android:exported="false"
176-->[com.google.android.gms:play-services-measurement:20.0.1] AndroidManifest.xml:42:13-37
177            android:permission="android.permission.BIND_JOB_SERVICE" />
177-->[com.google.android.gms:play-services-measurement:20.0.1] AndroidManifest.xml:43:13-69
178
179        <meta-data
179-->[com.google.android.gms:play-services-basement:18.0.0] AndroidManifest.xml:21:9-23:69
180            android:name="com.google.android.gms.version"
180-->[com.google.android.gms:play-services-basement:18.0.0] AndroidManifest.xml:22:13-58
181            android:value="@integer/google_play_services_version" />
181-->[com.google.android.gms:play-services-basement:18.0.0] AndroidManifest.xml:23:13-66
182
183        <provider
183-->[androidx.emoji2:emoji2:1.0.0] AndroidManifest.xml:26:9-34:20
184            android:name="androidx.startup.InitializationProvider"
184-->[androidx.emoji2:emoji2:1.0.0] AndroidManifest.xml:27:13-67
185            android:authorities="com.HyperSync.hypersync.androidx-startup"
185-->[androidx.emoji2:emoji2:1.0.0] AndroidManifest.xml:28:13-68
186            android:exported="false" >
186-->[androidx.emoji2:emoji2:1.0.0] AndroidManifest.xml:29:13-37
187            <meta-data
187-->[androidx.emoji2:emoji2:1.0.0] AndroidManifest.xml:31:13-33:52
188                android:name="androidx.emoji2.text.EmojiCompatInitializer"
188-->[androidx.emoji2:emoji2:1.0.0] AndroidManifest.xml:32:17-75
189                android:value="androidx.startup" />
189-->[androidx.emoji2:emoji2:1.0.0] AndroidManifest.xml:33:17-49
190            <meta-data
190-->[androidx.lifecycle:lifecycle-process:2.4.0] AndroidManifest.xml:31:13-33:52
191                android:name="androidx.lifecycle.ProcessLifecycleInitializer"
191-->[androidx.lifecycle:lifecycle-process:2.4.0] AndroidManifest.xml:32:17-78
192                android:value="androidx.startup" />
192-->[androidx.lifecycle:lifecycle-process:2.4.0] AndroidManifest.xml:33:17-49
193        </provider>
194    </application>
195
196</manifest>